<?xml version="1.0" encoding="UTF-8"?>
<!-- Generated by org.testng.reporters.JUnitXMLReporter -->
<testsuite hostname="DESKTOP-6OTCP28" ignored="0" name="DBS Assesment Selenium Challenge" tests="16" failures="0" timestamp="02 Aug 2020 19:38:44 GMT" time="353.213" errors="0">
  <testcase name="@BeforeMethod Setup" time="9.559" classname="com.dbs.qa.testcases.DBSSTrongTogetherPageTest">
    <failure type="org.openqa.selenium.ElementClickInterceptedException" message="element click intercepted: Element &amp;lt;h4 class=&amp;quot;h4-big&amp;quot;&amp;gt;...&amp;lt;/h4&amp;gt; is not clickable at point (311, 394). Other element would receive the click: &amp;lt;div class=&amp;quot; main-container&amp;quot; id=&amp;quot;bodywrapper&amp;quot; style=&amp;quot;margin-top: 120px;&amp;quot;&amp;gt;...&amp;lt;/div&amp;gt;
  (Session info: chrome=84.0.4147.89)
Build info: version: &amp;apos;3.141.59&amp;apos;, revision: &amp;apos;e82be7d358&amp;apos;, time: &amp;apos;2018-11-14T08:17:03&amp;apos;
System info: host: &amp;apos;DESKTOP-6OTCP28&amp;apos;, ip: &amp;apos;192.168.1.138&amp;apos;, os.name: &amp;apos;Windows 10&amp;apos;, os.arch: &amp;apos;amd64&amp;apos;, os.version: &amp;apos;10.0&amp;apos;, java.version: &amp;apos;1.8.0_231&amp;apos;
Driver info: org.openqa.selenium.chrome.ChromeDriver
Capabilities {acceptInsecureCerts: false, browserName: chrome, browserVersion: 84.0.4147.89, chrome: {chromedriverVersion: 83.0.4103.39 (ccbf011cb2d2b..., userDataDir: C:\Users\bttfe\AppData\Loca...}, goog:chromeOptions: {debuggerAddress: localhost:54229}, javascriptEnabled: true, networkConnectionEnabled: false, pageLoadStrategy: normal, platform: WINDOWS, platformName: WINDOWS, proxy: Proxy(), setWindowRect: true, strictFileInteractability: false, timeouts: {implicit: 0, pageLoad: 300000, script: 30000}, unhandledPromptBehavior: dismiss and notify, webauthn:virtualAuthenticators: true}
Session ID: 45d751671533a15551cbaad41b99108f">
      <![CDATA[org.openqa.selenium.ElementClickInterceptedException: element click intercepted: Element <h4 class="h4-big">...</h4> is not clickable at point (311, 394). Other element would receive the click: <div class=" main-container" id="bodywrapper" style="margin-top: 120px;">...</div>
  (Session info: chrome=84.0.4147.89)
Build info: version: '3.141.59', revision: 'e82be7d358', time: '2018-11-14T08:17:03'
System info: host: 'DESKTOP-6OTCP28', ip: '192.168.1.138', os.name: 'Windows 10', os.arch: 'amd64', os.version: '10.0', java.version: '1.8.0_231'
Driver info: org.openqa.selenium.chrome.ChromeDriver
Capabilities {acceptInsecureCerts: false, browserName: chrome, browserVersion: 84.0.4147.89, chrome: {chromedriverVersion: 83.0.4103.39 (ccbf011cb2d2b..., userDataDir: C:\Users\bttfe\AppData\Loca...}, goog:chromeOptions: {debuggerAddress: localhost:54229}, javascriptEnabled: true, networkConnectionEnabled: false, pageLoadStrategy: normal, platform: WINDOWS, platformName: WINDOWS, proxy: Proxy(), setWindowRect: true, strictFileInteractability: false, timeouts: {implicit: 0, pageLoad: 300000, script: 30000}, unhandledPromptBehavior: dismiss and notify, webauthn:virtualAuthenticators: true}
Session ID: 45d751671533a15551cbaad41b99108f
at org.openqa.selenium.remote.http.W3CHttpResponseCodec.createException(W3CHttpResponseCodec.java:187)
at org.openqa.selenium.remote.http.W3CHttpResponseCodec.decode(W3CHttpResponseCodec.java:122)
at org.openqa.selenium.remote.http.W3CHttpResponseCodec.decode(W3CHttpResponseCodec.java:49)
at org.openqa.selenium.remote.HttpCommandExecutor.execute(HttpCommandExecutor.java:158)
at org.openqa.selenium.remote.service.DriverCommandExecutor.execute(DriverCommandExecutor.java:83)
at org.openqa.selenium.remote.RemoteWebDriver.execute(RemoteWebDriver.java:552)
at org.openqa.selenium.remote.RemoteWebElement.execute(RemoteWebElement.java:285)
at org.openqa.selenium.remote.RemoteWebElement.click(RemoteWebElement.java:84)
at org.openqa.selenium.support.pagefactory.internal.LocatingElementHandler.invoke(LocatingElementHandler.java:51)
at com.sun.proxy.$Proxy10.click(Unknown Source)
at com.dbs.qa.pages.FirstPage.GoToSustainability(FirstPage.java:49)
at com.dbs.qa.testcases.DBSSTrongTogetherPageTest.Setup(DBSSTrongTogetherPageTest.java:32)
... Removed 36 stack frames]]>
    </failure>
  </testcase> <!-- @BeforeMethod Setup -->
  <testcase name="@AfterMethod teardown" time="0.0" classname="com.dbs.qa.testcases.DBSSTrongTogetherPageTest">
    <skipped/>
  </testcase> <!-- @AfterMethod teardown -->
  <testcase name="@BeforeMethod Setup" time="0.0" classname="com.dbs.qa.testcases.DBSSTrongTogetherPageTest">
    <skipped/>
  </testcase> <!-- @BeforeMethod Setup -->
  <testcase name="@AfterMethod teardown" time="0.0" classname="com.dbs.qa.testcases.DBSSTrongTogetherPageTest">
    <skipped/>
  </testcase> <!-- @AfterMethod teardown -->
  <testcase name="defaultPageTitleTest" time="0.287" classname="com.dbs.qa.testcases.FirstPageTest"/>
  <testcase name="sustainabilityPageTitleTest" time="0.389" classname="com.dbs.qa.testcases.SustainabilityPageTest"/>
  <testcase name="socialImapctPageTitleTest" time="0.015" classname="com.dbs.qa.testcases.CreatingSocialImpactPageTest"/>
  <testcase name="getDBSSTPageTitleTest" time="0.0" classname="com.dbs.qa.testcases.DBSSTrongTogetherPageTest">
    <skipped/>
  </testcase> <!-- getDBSSTPageTitleTest -->
  <testcase name="getSingaporePageTitle" time="0.021" classname="com.dbs.qa.testcases.SingaporePageTest"/>
  <testcase name="getAboutPageTitle" time="0.046" classname="com.dbs.qa.testcases.AboutPageTest"/>
  <testcase name="getWoWeArePageTitleTest" time="0.048" classname="com.dbs.qa.testcases.WhoWeArePageTest"/>
  <testcase name="getPageTitle" time="0.587" classname="com.dbs.qa.testcases.OurAwardsPageTest"/>
  <testcase name="clickSustainabilityTest" time="4.943" classname="com.dbs.qa.testcases.FirstPageTest"/>
  <testcase name="clickCreatingSocialImpactTest" time="0.853" classname="com.dbs.qa.testcases.SustainabilityPageTest"/>
  <testcase name="gotoDBSStrongTogetherTest" time="2.182" classname="com.dbs.qa.testcases.CreatingSocialImpactPageTest"/>
  <testcase name="selectSingaporeTest" time="0.0" classname="com.dbs.qa.testcases.DBSSTrongTogetherPageTest">
    <skipped/>
  </testcase> <!-- selectSingaporeTest -->
  <testcase name="readAndWriteTableTest" time="4.479" classname="com.dbs.qa.testcases.SingaporePageTest"/>
  <testcase name="goToWhoWeAre" time="0.5" classname="com.dbs.qa.testcases.AboutPageTest"/>
  <testcase name="navigateToAwardPageTest" time="2.593" classname="com.dbs.qa.testcases.WhoWeArePageTest"/>
  <testcase name="takeAwardListTest" time="101.586" classname="com.dbs.qa.testcases.OurAwardsPageTest"/>
</testsuite> <!-- DBS Assesment Selenium Challenge -->
