<!DOCTYPE html PUBLIC "-//W3C//DTD XHTML 1.1//EN" "http://www.w3.org/TR/xhtml11/DTD/xhtml11.dtd">
<html xmlns="http://www.w3.org/1999/xhtml">
<head>
<meta http-equiv="content-type" content="text/html; charset=UTF-8"/>
<title>TestNG Report</title>
<style type="text/css">table {margin-bottom:10px;border-collapse:collapse;empty-cells:show}th,td {border:1px solid #009;padding:.25em .5em}th {vertical-align:bottom}td {vertical-align:top}table a {font-weight:bold}.stripe td {background-color: #E6EBF9}.num {text-align:right}.passedodd td {background-color: #3F3}.passedeven td {background-color: #0A0}.skippedodd td {background-color: #DDD}.skippedeven td {background-color: #CCC}.failedodd td,.attn {background-color: #F33}.failedeven td,.stripe .attn {background-color: #D00}.stacktrace {white-space:pre;font-family:monospace}.totop {font-size:85%;text-align:center;border-bottom:2px solid #000}.invisible {display:none}</style>
</head>
<body>
<table>
<tr><th>Test</th><th># Passed</th><th># Skipped</th><th># Failed</th><th>Time (ms)</th><th>Included Groups</th><th>Excluded Groups</th></tr>
<tr><th colspan="7">DBS Assesment - Selenium Challenge</th></tr>
<tr><td><a href="#t0">DBS Assesment Selenium Challenge</a></td><td class="num">14</td><td class="num attn">2</td><td class="num">0</td><td class="num">353,213</td><td></td><td></td></tr>
</table>
<table id='summary'><thead><tr><th>Class</th><th>Method</th><th>Start</th><th>Time (ms)</th></tr></thead><tbody><tr><th colspan="4">DBS Assesment - Selenium Challenge</th></tr></tbody><tbody id="t0"><tr><th colspan="4">DBS Assesment Selenium Challenge &#8212; failed (configuration methods)</th></tr><tr class="failedeven"><td rowspan="1">com.dbs.qa.testcases.DBSSTrongTogetherPageTest</td><td><a href="#m0">Setup</a></td><td rowspan="1">1596396804150</td><td rowspan="1">9559</td></tr><tr><th colspan="4">DBS Assesment Selenium Challenge &#8212; skipped (configuration methods)</th></tr><tr class="skippedeven"><td rowspan="3">com.dbs.qa.testcases.DBSSTrongTogetherPageTest</td><td><a href="#m1">Setup</a></td><td rowspan="1">1596396935294</td><td rowspan="1">0</td></tr><tr class="skippedeven"><td><a href="#m2">teardown</a></td><td rowspan="2">1596396935301</td><td rowspan="2">0</td></tr><tr class="skippedeven"><td><a href="#m3">teardown</a></td></tr><tr><th colspan="4">DBS Assesment Selenium Challenge &#8212; skipped</th></tr><tr class="skippedeven"><td rowspan="2">com.dbs.qa.testcases.DBSSTrongTogetherPageTest</td><td><a href="#m4">getDBSSTPageTitleTest</a></td><td rowspan="1">1596396813722</td><td rowspan="1">0</td></tr><tr class="skippedeven"><td><a href="#m5">selectSingaporeTest</a></td><td rowspan="1">1596396935294</td><td rowspan="1">0</td></tr><tr><th colspan="4">DBS Assesment Selenium Challenge &#8212; passed</th></tr><tr class="passedeven"><td rowspan="2">com.dbs.qa.testcases.AboutPageTest</td><td><a href="#m6">getAboutPageTitle</a></td><td rowspan="1">1596396847156</td><td rowspan="1">46</td></tr><tr class="passedeven"><td><a href="#m7">goToWhoWeAre</a></td><td rowspan="1">1596396977225</td><td rowspan="1">500</td></tr><tr class="passedodd"><td rowspan="2">com.dbs.qa.testcases.CreatingSocialImpactPageTest</td><td><a href="#m8">gotoDBSStrongTogetherTest</a></td><td rowspan="1">1596396932293</td><td rowspan="1">2182</td></tr><tr class="passedodd"><td><a href="#m9">socialImapctPageTitleTest</a></td><td rowspan="1">1596396803349</td><td rowspan="1">15</td></tr><tr class="passedeven"><td rowspan="2">com.dbs.qa.testcases.FirstPageTest</td><td><a href="#m10">clickSustainabilityTest</a></td><td rowspan="1">1596396899143</td><td rowspan="1">4943</td></tr><tr class="passedeven"><td><a href="#m11">defaultPageTitleTest</a></td><td rowspan="1">1596396779407</td><td rowspan="1">287</td></tr><tr class="passedodd"><td rowspan="2">com.dbs.qa.testcases.OurAwardsPageTest</td><td><a href="#m12">getPageTitle</a></td><td rowspan="1">1596396890374</td><td rowspan="1">587</td></tr><tr class="passedodd"><td><a href="#m13">takeAwardListTest</a></td><td rowspan="1">1596397021753</td><td rowspan="1">101586</td></tr><tr class="passedeven"><td rowspan="2">com.dbs.qa.testcases.SingaporePageTest</td><td><a href="#m14">getSingaporePageTitle</a></td><td rowspan="1">1596396830652</td><td rowspan="1">21</td></tr><tr class="passedeven"><td><a href="#m15">readAndWriteTableTest</a></td><td rowspan="1">1596396952269</td><td rowspan="1">4479</td></tr><tr class="passedodd"><td rowspan="2">com.dbs.qa.testcases.SustainabilityPageTest</td><td><a href="#m16">clickCreatingSocialImpactTest</a></td><td rowspan="1">1596396917471</td><td rowspan="1">853</td></tr><tr class="passedodd"><td><a href="#m17">sustainabilityPageTitleTest</a></td><td rowspan="1">1596396791070</td><td rowspan="1">389</td></tr><tr class="passedeven"><td rowspan="2">com.dbs.qa.testcases.WhoWeArePageTest</td><td><a href="#m18">getWoWeArePageTitleTest</a></td><td rowspan="1">1596396867186</td><td rowspan="1">48</td></tr><tr class="passedeven"><td><a href="#m19">navigateToAwardPageTest</a></td><td rowspan="1">1596396998426</td><td rowspan="1">2593</td></tr></tbody>
</table>
<h2>DBS Assesment Selenium Challenge</h2><h3 id="m0">com.dbs.qa.testcases.DBSSTrongTogetherPageTest#Setup</h3><table class="result"><tr><th>Exception</th></tr><tr><td><div class="stacktrace">org.openqa.selenium.ElementClickInterceptedException: element click intercepted: Element &lt;h4 class=&quot;h4-big&quot;&gt;...&lt;/h4&gt; is not clickable at point (311, 394). Other element would receive the click: &lt;div class=&quot; main-container&quot; id=&quot;bodywrapper&quot; style=&quot;margin-top: 120px;&quot;&gt;...&lt;/div&gt;
  (Session info: chrome=84.0.4147.89)
Build info: version: &apos;3.141.59&apos;, revision: &apos;e82be7d358&apos;, time: &apos;2018-11-14T08:17:03&apos;
System info: host: &apos;DESKTOP-6OTCP28&apos;, ip: &apos;192.168.1.138&apos;, os.name: &apos;Windows 10&apos;, os.arch: &apos;amd64&apos;, os.version: &apos;10.0&apos;, java.version: &apos;1.8.0_231&apos;
Driver info: org.openqa.selenium.chrome.ChromeDriver
Capabilities {acceptInsecureCerts: false, browserName: chrome, browserVersion: 84.0.4147.89, chrome: {chromedriverVersion: 83.0.4103.39 (ccbf011cb2d2b..., userDataDir: C:\Users\bttfe\AppData\Loca...}, goog:chromeOptions: {debuggerAddress: localhost:54229}, javascriptEnabled: true, networkConnectionEnabled: false, pageLoadStrategy: normal, platform: WINDOWS, platformName: WINDOWS, proxy: Proxy(), setWindowRect: true, strictFileInteractability: false, timeouts: {implicit: 0, pageLoad: 300000, script: 30000}, unhandledPromptBehavior: dismiss and notify, webauthn:virtualAuthenticators: true}
Session ID: 45d751671533a15551cbaad41b99108f
	at org.openqa.selenium.remote.http.W3CHttpResponseCodec.createException(W3CHttpResponseCodec.java:187)
	at org.openqa.selenium.remote.http.W3CHttpResponseCodec.decode(W3CHttpResponseCodec.java:122)
	at org.openqa.selenium.remote.http.W3CHttpResponseCodec.decode(W3CHttpResponseCodec.java:49)
	at org.openqa.selenium.remote.HttpCommandExecutor.execute(HttpCommandExecutor.java:158)
	at org.openqa.selenium.remote.service.DriverCommandExecutor.execute(DriverCommandExecutor.java:83)
	at org.openqa.selenium.remote.RemoteWebDriver.execute(RemoteWebDriver.java:552)
	at org.openqa.selenium.remote.RemoteWebElement.execute(RemoteWebElement.java:285)
	at org.openqa.selenium.remote.RemoteWebElement.click(RemoteWebElement.java:84)
	at org.openqa.selenium.support.pagefactory.internal.LocatingElementHandler.invoke(LocatingElementHandler.java:51)
	at com.sun.proxy.$Proxy10.click(Unknown Source)
	at com.dbs.qa.pages.FirstPage.GoToSustainability(FirstPage.java:49)
	at com.dbs.qa.testcases.DBSSTrongTogetherPageTest.Setup(DBSSTrongTogetherPageTest.java:32)
... Removed 36 stack frames</div></td></tr></table><p class="totop"><a href="#summary">back to summary</a></p>
<h3 id="m1">com.dbs.qa.testcases.DBSSTrongTogetherPageTest#Setup</h3><table class="result"><tr><th class="invisible"/></tr></table><p class="totop"><a href="#summary">back to summary</a></p>
<h3 id="m2">com.dbs.qa.testcases.DBSSTrongTogetherPageTest#teardown</h3><table class="result"><tr><th class="invisible"/></tr></table><p class="totop"><a href="#summary">back to summary</a></p>
<h3 id="m3">com.dbs.qa.testcases.DBSSTrongTogetherPageTest#teardown</h3><table class="result"><tr><th class="invisible"/></tr></table><p class="totop"><a href="#summary">back to summary</a></p>
<h3 id="m4">com.dbs.qa.testcases.DBSSTrongTogetherPageTest#getDBSSTPageTitleTest</h3><table class="result"><tr><th>Exception</th></tr><tr><td><div class="stacktrace">org.openqa.selenium.ElementClickInterceptedException: element click intercepted: Element &lt;h4 class=&quot;h4-big&quot;&gt;...&lt;/h4&gt; is not clickable at point (311, 394). Other element would receive the click: &lt;div class=&quot; main-container&quot; id=&quot;bodywrapper&quot; style=&quot;margin-top: 120px;&quot;&gt;...&lt;/div&gt;
  (Session info: chrome=84.0.4147.89)
Build info: version: &apos;3.141.59&apos;, revision: &apos;e82be7d358&apos;, time: &apos;2018-11-14T08:17:03&apos;
System info: host: &apos;DESKTOP-6OTCP28&apos;, ip: &apos;192.168.1.138&apos;, os.name: &apos;Windows 10&apos;, os.arch: &apos;amd64&apos;, os.version: &apos;10.0&apos;, java.version: &apos;1.8.0_231&apos;
Driver info: org.openqa.selenium.chrome.ChromeDriver
Capabilities {acceptInsecureCerts: false, browserName: chrome, browserVersion: 84.0.4147.89, chrome: {chromedriverVersion: 83.0.4103.39 (ccbf011cb2d2b..., userDataDir: C:\Users\bttfe\AppData\Loca...}, goog:chromeOptions: {debuggerAddress: localhost:54229}, javascriptEnabled: true, networkConnectionEnabled: false, pageLoadStrategy: normal, platform: WINDOWS, platformName: WINDOWS, proxy: Proxy(), setWindowRect: true, strictFileInteractability: false, timeouts: {implicit: 0, pageLoad: 300000, script: 30000}, unhandledPromptBehavior: dismiss and notify, webauthn:virtualAuthenticators: true}
Session ID: 45d751671533a15551cbaad41b99108f
	at org.openqa.selenium.remote.http.W3CHttpResponseCodec.createException(W3CHttpResponseCodec.java:187)
	at org.openqa.selenium.remote.http.W3CHttpResponseCodec.decode(W3CHttpResponseCodec.java:122)
	at org.openqa.selenium.remote.http.W3CHttpResponseCodec.decode(W3CHttpResponseCodec.java:49)
	at org.openqa.selenium.remote.HttpCommandExecutor.execute(HttpCommandExecutor.java:158)
	at org.openqa.selenium.remote.service.DriverCommandExecutor.execute(DriverCommandExecutor.java:83)
	at org.openqa.selenium.remote.RemoteWebDriver.execute(RemoteWebDriver.java:552)
	at org.openqa.selenium.remote.RemoteWebElement.execute(RemoteWebElement.java:285)
	at org.openqa.selenium.remote.RemoteWebElement.click(RemoteWebElement.java:84)
	at org.openqa.selenium.support.pagefactory.internal.LocatingElementHandler.invoke(LocatingElementHandler.java:51)
	at com.sun.proxy.$Proxy10.click(Unknown Source)
	at com.dbs.qa.pages.FirstPage.GoToSustainability(FirstPage.java:49)
	at com.dbs.qa.testcases.DBSSTrongTogetherPageTest.Setup(DBSSTrongTogetherPageTest.java:32)
... Removed 36 stack frames</div></td></tr></table><p class="totop"><a href="#summary">back to summary</a></p>
<h3 id="m5">com.dbs.qa.testcases.DBSSTrongTogetherPageTest#selectSingaporeTest</h3><table class="result"><tr><th>Exception</th></tr><tr><td><div class="stacktrace">org.openqa.selenium.ElementClickInterceptedException: element click intercepted: Element &lt;h4 class=&quot;h4-big&quot;&gt;...&lt;/h4&gt; is not clickable at point (311, 394). Other element would receive the click: &lt;div class=&quot; main-container&quot; id=&quot;bodywrapper&quot; style=&quot;margin-top: 120px;&quot;&gt;...&lt;/div&gt;
  (Session info: chrome=84.0.4147.89)
Build info: version: &apos;3.141.59&apos;, revision: &apos;e82be7d358&apos;, time: &apos;2018-11-14T08:17:03&apos;
System info: host: &apos;DESKTOP-6OTCP28&apos;, ip: &apos;192.168.1.138&apos;, os.name: &apos;Windows 10&apos;, os.arch: &apos;amd64&apos;, os.version: &apos;10.0&apos;, java.version: &apos;1.8.0_231&apos;
Driver info: org.openqa.selenium.chrome.ChromeDriver
Capabilities {acceptInsecureCerts: false, browserName: chrome, browserVersion: 84.0.4147.89, chrome: {chromedriverVersion: 83.0.4103.39 (ccbf011cb2d2b..., userDataDir: C:\Users\bttfe\AppData\Loca...}, goog:chromeOptions: {debuggerAddress: localhost:54229}, javascriptEnabled: true, networkConnectionEnabled: false, pageLoadStrategy: normal, platform: WINDOWS, platformName: WINDOWS, proxy: Proxy(), setWindowRect: true, strictFileInteractability: false, timeouts: {implicit: 0, pageLoad: 300000, script: 30000}, unhandledPromptBehavior: dismiss and notify, webauthn:virtualAuthenticators: true}
Session ID: 45d751671533a15551cbaad41b99108f
	at org.openqa.selenium.remote.http.W3CHttpResponseCodec.createException(W3CHttpResponseCodec.java:187)
	at org.openqa.selenium.remote.http.W3CHttpResponseCodec.decode(W3CHttpResponseCodec.java:122)
	at org.openqa.selenium.remote.http.W3CHttpResponseCodec.decode(W3CHttpResponseCodec.java:49)
	at org.openqa.selenium.remote.HttpCommandExecutor.execute(HttpCommandExecutor.java:158)
	at org.openqa.selenium.remote.service.DriverCommandExecutor.execute(DriverCommandExecutor.java:83)
	at org.openqa.selenium.remote.RemoteWebDriver.execute(RemoteWebDriver.java:552)
	at org.openqa.selenium.remote.RemoteWebElement.execute(RemoteWebElement.java:285)
	at org.openqa.selenium.remote.RemoteWebElement.click(RemoteWebElement.java:84)
	at org.openqa.selenium.support.pagefactory.internal.LocatingElementHandler.invoke(LocatingElementHandler.java:51)
	at com.sun.proxy.$Proxy10.click(Unknown Source)
	at com.dbs.qa.pages.FirstPage.GoToSustainability(FirstPage.java:49)
	at com.dbs.qa.testcases.DBSSTrongTogetherPageTest.Setup(DBSSTrongTogetherPageTest.java:32)
... Removed 36 stack frames</div></td></tr></table><p class="totop"><a href="#summary">back to summary</a></p>
<h3 id="m6">com.dbs.qa.testcases.AboutPageTest#getAboutPageTitle</h3><table class="result"><tr><th class="invisible"/></tr></table><p class="totop"><a href="#summary">back to summary</a></p>
<h3 id="m7">com.dbs.qa.testcases.AboutPageTest#goToWhoWeAre</h3><table class="result"><tr><th class="invisible"/></tr></table><p class="totop"><a href="#summary">back to summary</a></p>
<h3 id="m8">com.dbs.qa.testcases.CreatingSocialImpactPageTest#gotoDBSStrongTogetherTest</h3><table class="result"><tr><th class="invisible"/></tr></table><p class="totop"><a href="#summary">back to summary</a></p>
<h3 id="m9">com.dbs.qa.testcases.CreatingSocialImpactPageTest#socialImapctPageTitleTest</h3><table class="result"><tr><th class="invisible"/></tr></table><p class="totop"><a href="#summary">back to summary</a></p>
<h3 id="m10">com.dbs.qa.testcases.FirstPageTest#clickSustainabilityTest</h3><table class="result"><tr><th class="invisible"/></tr></table><p class="totop"><a href="#summary">back to summary</a></p>
<h3 id="m11">com.dbs.qa.testcases.FirstPageTest#defaultPageTitleTest</h3><table class="result"><tr><th class="invisible"/></tr></table><p class="totop"><a href="#summary">back to summary</a></p>
<h3 id="m12">com.dbs.qa.testcases.OurAwardsPageTest#getPageTitle</h3><table class="result"><tr><th class="invisible"/></tr></table><p class="totop"><a href="#summary">back to summary</a></p>
<h3 id="m13">com.dbs.qa.testcases.OurAwardsPageTest#takeAwardListTest</h3><table class="result"><tr><th class="invisible"/></tr></table><p class="totop"><a href="#summary">back to summary</a></p>
<h3 id="m14">com.dbs.qa.testcases.SingaporePageTest#getSingaporePageTitle</h3><table class="result"><tr><th class="invisible"/></tr></table><p class="totop"><a href="#summary">back to summary</a></p>
<h3 id="m15">com.dbs.qa.testcases.SingaporePageTest#readAndWriteTableTest</h3><table class="result"><tr><th class="invisible"/></tr></table><p class="totop"><a href="#summary">back to summary</a></p>
<h3 id="m16">com.dbs.qa.testcases.SustainabilityPageTest#clickCreatingSocialImpactTest</h3><table class="result"><tr><th class="invisible"/></tr></table><p class="totop"><a href="#summary">back to summary</a></p>
<h3 id="m17">com.dbs.qa.testcases.SustainabilityPageTest#sustainabilityPageTitleTest</h3><table class="result"><tr><th class="invisible"/></tr></table><p class="totop"><a href="#summary">back to summary</a></p>
<h3 id="m18">com.dbs.qa.testcases.WhoWeArePageTest#getWoWeArePageTitleTest</h3><table class="result"><tr><th class="invisible"/></tr></table><p class="totop"><a href="#summary">back to summary</a></p>
<h3 id="m19">com.dbs.qa.testcases.WhoWeArePageTest#navigateToAwardPageTest</h3><table class="result"><tr><th class="invisible"/></tr></table><p class="totop"><a href="#summary">back to summary</a></p>
</body>
</html>
