<?xml version="1.0" encoding="UTF-8"?>
<testng-results skipped="2" failed="0" ignored="0" total="16" passed="14">
  <reporter-output>
  </reporter-output>
  <suite name="DBS Assesment - Selenium Challenge" duration-ms="353213" started-at="2020-08-02T19:32:51Z" finished-at="2020-08-02T19:38:44Z">
    <groups>
    </groups>
    <test name="DBS Assesment Selenium Challenge" duration-ms="353213" started-at="2020-08-02T19:32:51Z" finished-at="2020-08-02T19:38:44Z">
      <class name="com.dbs.qa.testcases.SingaporePageTest">
        <test-method status="PASS" signature="Setup()[pri:0, instance:com.dbs.qa.testcases.SingaporePageTest@14bf9759]" name="Setup" is-config="true" duration-ms="16917" started-at="2020-08-02T19:33:33Z" finished-at="2020-08-02T19:33:50Z">
          <reporter-output>
          </reporter-output>
        </test-method> <!-- Setup -->
        <test-method status="PASS" signature="getSingaporePageTitle()[pri:1, instance:com.dbs.qa.testcases.SingaporePageTest@14bf9759]" name="getSingaporePageTitle" duration-ms="21" started-at="2020-08-02T19:33:50Z" finished-at="2020-08-02T19:33:50Z">
          <reporter-output>
          </reporter-output>
        </test-method> <!-- getSingaporePageTitle -->
        <test-method status="PASS" signature="teardown()[pri:0, instance:com.dbs.qa.testcases.SingaporePageTest@14bf9759]" name="teardown" is-config="true" duration-ms="779" started-at="2020-08-02T19:33:50Z" finished-at="2020-08-02T19:33:51Z">
          <reporter-output>
          </reporter-output>
        </test-method> <!-- teardown -->
        <test-method status="PASS" signature="Setup()[pri:0, instance:com.dbs.qa.testcases.SingaporePageTest@14bf9759]" name="Setup" is-config="true" duration-ms="16963" started-at="2020-08-02T19:35:35Z" finished-at="2020-08-02T19:35:52Z">
          <reporter-output>
          </reporter-output>
        </test-method> <!-- Setup -->
        <test-method status="PASS" signature="readAndWriteTableTest()[pri:2, instance:com.dbs.qa.testcases.SingaporePageTest@14bf9759]" name="readAndWriteTableTest" duration-ms="4479" started-at="2020-08-02T19:35:52Z" finished-at="2020-08-02T19:35:56Z">
          <reporter-output>
          </reporter-output>
        </test-method> <!-- readAndWriteTableTest -->
        <test-method status="PASS" signature="teardown()[pri:0, instance:com.dbs.qa.testcases.SingaporePageTest@14bf9759]" name="teardown" is-config="true" duration-ms="850" started-at="2020-08-02T19:35:56Z" finished-at="2020-08-02T19:35:57Z">
          <reporter-output>
          </reporter-output>
        </test-method> <!-- teardown -->
      </class> <!-- com.dbs.qa.testcases.SingaporePageTest -->
      <class name="com.dbs.qa.testcases.CreatingSocialImpactPageTest">
        <test-method status="PASS" signature="Setup()[pri:0, instance:com.dbs.qa.testcases.CreatingSocialImpactPageTest@598067a5]" name="Setup" is-config="true" duration-ms="11099" started-at="2020-08-02T19:33:12Z" finished-at="2020-08-02T19:33:23Z">
          <reporter-output>
          </reporter-output>
        </test-method> <!-- Setup -->
        <test-method status="PASS" signature="socialImapctPageTitleTest()[pri:1, instance:com.dbs.qa.testcases.CreatingSocialImpactPageTest@598067a5]" name="socialImapctPageTitleTest" duration-ms="15" started-at="2020-08-02T19:33:23Z" finished-at="2020-08-02T19:33:23Z">
          <reporter-output>
          </reporter-output>
        </test-method> <!-- socialImapctPageTitleTest -->
        <test-method status="PASS" signature="tearDown()[pri:0, instance:com.dbs.qa.testcases.CreatingSocialImpactPageTest@598067a5]" name="tearDown" is-config="true" duration-ms="783" started-at="2020-08-02T19:33:23Z" finished-at="2020-08-02T19:33:24Z">
          <reporter-output>
          </reporter-output>
        </test-method> <!-- tearDown -->
        <test-method status="PASS" signature="Setup()[pri:0, instance:com.dbs.qa.testcases.CreatingSocialImpactPageTest@598067a5]" name="Setup" is-config="true" duration-ms="13139" started-at="2020-08-02T19:35:19Z" finished-at="2020-08-02T19:35:32Z">
          <reporter-output>
          </reporter-output>
        </test-method> <!-- Setup -->
        <test-method status="PASS" signature="gotoDBSStrongTogetherTest()[pri:2, instance:com.dbs.qa.testcases.CreatingSocialImpactPageTest@598067a5]" name="gotoDBSStrongTogetherTest" duration-ms="2182" started-at="2020-08-02T19:35:32Z" finished-at="2020-08-02T19:35:34Z">
          <reporter-output>
          </reporter-output>
        </test-method> <!-- gotoDBSStrongTogetherTest -->
        <test-method status="PASS" signature="tearDown()[pri:0, instance:com.dbs.qa.testcases.CreatingSocialImpactPageTest@598067a5]" name="tearDown" is-config="true" duration-ms="816" started-at="2020-08-02T19:35:34Z" finished-at="2020-08-02T19:35:35Z">
          <reporter-output>
          </reporter-output>
        </test-method> <!-- tearDown -->
      </class> <!-- com.dbs.qa.testcases.CreatingSocialImpactPageTest -->
      <class name="com.dbs.qa.testcases.FirstPageTest">
        <test-method status="PASS" signature="SetUp()[pri:0, instance:com.dbs.qa.testcases.FirstPageTest@57fffcd7]" name="SetUp" is-config="true" duration-ms="8287" started-at="2020-08-02T19:32:51Z" finished-at="2020-08-02T19:32:59Z">
          <reporter-output>
          </reporter-output>
        </test-method> <!-- SetUp -->
        <test-method status="PASS" signature="defaultPageTitleTest()[pri:1, instance:com.dbs.qa.testcases.FirstPageTest@57fffcd7]" name="defaultPageTitleTest" duration-ms="287" started-at="2020-08-02T19:32:59Z" finished-at="2020-08-02T19:32:59Z">
          <reporter-output>
          </reporter-output>
        </test-method> <!-- defaultPageTitleTest -->
        <test-method status="PASS" signature="tearDown()[pri:0, instance:com.dbs.qa.testcases.FirstPageTest@57fffcd7]" name="tearDown" is-config="true" duration-ms="741" started-at="2020-08-02T19:32:59Z" finished-at="2020-08-02T19:33:00Z">
          <reporter-output>
          </reporter-output>
        </test-method> <!-- tearDown -->
        <test-method status="PASS" signature="SetUp()[pri:0, instance:com.dbs.qa.testcases.FirstPageTest@57fffcd7]" name="SetUp" is-config="true" duration-ms="7345" started-at="2020-08-02T19:34:51Z" finished-at="2020-08-02T19:34:59Z">
          <reporter-output>
          </reporter-output>
        </test-method> <!-- SetUp -->
        <test-method status="PASS" signature="clickSustainabilityTest()[pri:2, instance:com.dbs.qa.testcases.FirstPageTest@57fffcd7]" name="clickSustainabilityTest" duration-ms="4943" started-at="2020-08-02T19:34:59Z" finished-at="2020-08-02T19:35:04Z">
          <reporter-output>
          </reporter-output>
        </test-method> <!-- clickSustainabilityTest -->
        <test-method status="PASS" signature="tearDown()[pri:0, instance:com.dbs.qa.testcases.FirstPageTest@57fffcd7]" name="tearDown" is-config="true" duration-ms="1140" started-at="2020-08-02T19:35:04Z" finished-at="2020-08-02T19:35:05Z">
          <reporter-output>
          </reporter-output>
        </test-method> <!-- tearDown -->
      </class> <!-- com.dbs.qa.testcases.FirstPageTest -->
      <class name="com.dbs.qa.testcases.OurAwardsPageTest">
        <test-method status="PASS" signature="Setup()[pri:0, instance:com.dbs.qa.testcases.OurAwardsPageTest@4f7d0008]" name="Setup" is-config="true" duration-ms="22285" started-at="2020-08-02T19:34:28Z" finished-at="2020-08-02T19:34:50Z">
          <reporter-output>
          </reporter-output>
        </test-method> <!-- Setup -->
        <test-method status="PASS" signature="getPageTitle()[pri:1, instance:com.dbs.qa.testcases.OurAwardsPageTest@4f7d0008]" name="getPageTitle" duration-ms="587" started-at="2020-08-02T19:34:50Z" finished-at="2020-08-02T19:34:50Z">
          <reporter-output>
          </reporter-output>
        </test-method> <!-- getPageTitle -->
        <test-method status="PASS" signature="teardown()[pri:0, instance:com.dbs.qa.testcases.OurAwardsPageTest@4f7d0008]" name="teardown" is-config="true" duration-ms="834" started-at="2020-08-02T19:34:50Z" finished-at="2020-08-02T19:34:51Z">
          <reporter-output>
          </reporter-output>
        </test-method> <!-- teardown -->
        <test-method status="PASS" signature="Setup()[pri:0, instance:com.dbs.qa.testcases.OurAwardsPageTest@4f7d0008]" name="Setup" is-config="true" duration-ms="19895" started-at="2020-08-02T19:36:41Z" finished-at="2020-08-02T19:37:01Z">
          <reporter-output>
          </reporter-output>
        </test-method> <!-- Setup -->
        <test-method status="PASS" signature="takeAwardListTest()[pri:2, instance:com.dbs.qa.testcases.OurAwardsPageTest@4f7d0008]" name="takeAwardListTest" duration-ms="101586" started-at="2020-08-02T19:37:01Z" finished-at="2020-08-02T19:38:43Z">
          <reporter-output>
          </reporter-output>
        </test-method> <!-- takeAwardListTest -->
        <test-method status="PASS" signature="teardown()[pri:0, instance:com.dbs.qa.testcases.OurAwardsPageTest@4f7d0008]" name="teardown" is-config="true" duration-ms="956" started-at="2020-08-02T19:38:43Z" finished-at="2020-08-02T19:38:44Z">
          <reporter-output>
          </reporter-output>
        </test-method> <!-- teardown -->
      </class> <!-- com.dbs.qa.testcases.OurAwardsPageTest -->
      <class name="com.dbs.qa.testcases.DBSSTrongTogetherPageTest">
        <test-method status="FAIL" signature="Setup()[pri:0, instance:com.dbs.qa.testcases.DBSSTrongTogetherPageTest@3c0ecd4b]" name="Setup" is-config="true" duration-ms="9559" started-at="2020-08-02T19:33:24Z" finished-at="2020-08-02T19:33:33Z">
          <exception class="org.openqa.selenium.ElementClickInterceptedException">
            <message>
              <![CDATA[element click intercepted: Element <h4 class="h4-big">...</h4> is not clickable at point (311, 394). Other element would receive the click: <div class=" main-container" id="bodywrapper" style="margin-top: 120px;">...</div>
  (Session info: chrome=84.0.4147.89)
Build info: version: '3.141.59', revision: 'e82be7d358', time: '2018-11-14T08:17:03'
System info: host: 'DESKTOP-6OTCP28', ip: '192.168.1.138', os.name: 'Windows 10', os.arch: 'amd64', os.version: '10.0', java.version: '1.8.0_231'
Driver info: org.openqa.selenium.chrome.ChromeDriver
Capabilities {acceptInsecureCerts: false, browserName: chrome, browserVersion: 84.0.4147.89, chrome: {chromedriverVersion: 83.0.4103.39 (ccbf011cb2d2b..., userDataDir: C:\Users\bttfe\AppData\Loca...}, goog:chromeOptions: {debuggerAddress: localhost:54229}, javascriptEnabled: true, networkConnectionEnabled: false, pageLoadStrategy: normal, platform: WINDOWS, platformName: WINDOWS, proxy: Proxy(), setWindowRect: true, strictFileInteractability: false, timeouts: {implicit: 0, pageLoad: 300000, script: 30000}, unhandledPromptBehavior: dismiss and notify, webauthn:virtualAuthenticators: true}
Session ID: 45d751671533a15551cbaad41b99108f]]>
            </message>
            <full-stacktrace>
              <![CDATA[org.openqa.selenium.ElementClickInterceptedException: element click intercepted: Element <h4 class="h4-big">...</h4> is not clickable at point (311, 394). Other element would receive the click: <div class=" main-container" id="bodywrapper" style="margin-top: 120px;">...</div>
  (Session info: chrome=84.0.4147.89)
Build info: version: '3.141.59', revision: 'e82be7d358', time: '2018-11-14T08:17:03'
System info: host: 'DESKTOP-6OTCP28', ip: '192.168.1.138', os.name: 'Windows 10', os.arch: 'amd64', os.version: '10.0', java.version: '1.8.0_231'
Driver info: org.openqa.selenium.chrome.ChromeDriver
Capabilities {acceptInsecureCerts: false, browserName: chrome, browserVersion: 84.0.4147.89, chrome: {chromedriverVersion: 83.0.4103.39 (ccbf011cb2d2b..., userDataDir: C:\Users\bttfe\AppData\Loca...}, goog:chromeOptions: {debuggerAddress: localhost:54229}, javascriptEnabled: true, networkConnectionEnabled: false, pageLoadStrategy: normal, platform: WINDOWS, platformName: WINDOWS, proxy: Proxy(), setWindowRect: true, strictFileInteractability: false, timeouts: {implicit: 0, pageLoad: 300000, script: 30000}, unhandledPromptBehavior: dismiss and notify, webauthn:virtualAuthenticators: true}
Session ID: 45d751671533a15551cbaad41b99108f
at sun.reflect.NativeConstructorAccessorImpl.newInstance0(Native Method)
at sun.reflect.NativeConstructorAccessorImpl.newInstance(NativeConstructorAccessorImpl.java:62)
at sun.reflect.DelegatingConstructorAccessorImpl.newInstance(DelegatingConstructorAccessorImpl.java:45)
at java.lang.reflect.Constructor.newInstance(Constructor.java:423)
at org.openqa.selenium.remote.http.W3CHttpResponseCodec.createException(W3CHttpResponseCodec.java:187)
at org.openqa.selenium.remote.http.W3CHttpResponseCodec.decode(W3CHttpResponseCodec.java:122)
at org.openqa.selenium.remote.http.W3CHttpResponseCodec.decode(W3CHttpResponseCodec.java:49)
at org.openqa.selenium.remote.HttpCommandExecutor.execute(HttpCommandExecutor.java:158)
at org.openqa.selenium.remote.service.DriverCommandExecutor.execute(DriverCommandExecutor.java:83)
at org.openqa.selenium.remote.RemoteWebDriver.execute(RemoteWebDriver.java:552)
at org.openqa.selenium.remote.RemoteWebElement.execute(RemoteWebElement.java:285)
at org.openqa.selenium.remote.RemoteWebElement.click(RemoteWebElement.java:84)
at sun.reflect.NativeMethodAccessorImpl.invoke0(Native Method)
at sun.reflect.NativeMethodAccessorImpl.invoke(NativeMethodAccessorImpl.java:62)
at sun.reflect.DelegatingMethodAccessorImpl.invoke(DelegatingMethodAccessorImpl.java:43)
at java.lang.reflect.Method.invoke(Method.java:498)
at org.openqa.selenium.support.pagefactory.internal.LocatingElementHandler.invoke(LocatingElementHandler.java:51)
at com.sun.proxy.$Proxy10.click(Unknown Source)
at com.dbs.qa.pages.FirstPage.GoToSustainability(FirstPage.java:49)
at com.dbs.qa.testcases.DBSSTrongTogetherPageTest.Setup(DBSSTrongTogetherPageTest.java:32)
at sun.reflect.NativeMethodAccessorImpl.invoke0(Native Method)
at sun.reflect.NativeMethodAccessorImpl.invoke(NativeMethodAccessorImpl.java:62)
at sun.reflect.DelegatingMethodAccessorImpl.invoke(DelegatingMethodAccessorImpl.java:43)
at java.lang.reflect.Method.invoke(Method.java:498)
at org.testng.internal.MethodInvocationHelper.invokeMethod(MethodInvocationHelper.java:124)
at org.testng.internal.MethodInvocationHelper.invokeMethodConsideringTimeout(MethodInvocationHelper.java:59)
at org.testng.internal.Invoker.invokeConfigurationMethod(Invoker.java:458)
at org.testng.internal.Invoker.invokeConfigurations(Invoker.java:222)
at org.testng.internal.Invoker.invokeMethod(Invoker.java:523)
at org.testng.internal.Invoker.invokeTestMethod(Invoker.java:719)
at org.testng.internal.Invoker.invokeTestMethods(Invoker.java:989)
at org.testng.internal.TestMethodWorker.invokeTestMethods(TestMethodWorker.java:125)
at org.testng.internal.TestMethodWorker.run(TestMethodWorker.java:109)
at org.testng.TestRunner.privateRun(TestRunner.java:648)
at org.testng.TestRunner.run(TestRunner.java:505)
at org.testng.SuiteRunner.runTest(SuiteRunner.java:455)
at org.testng.SuiteRunner.runSequentially(SuiteRunner.java:450)
at org.testng.SuiteRunner.privateRun(SuiteRunner.java:415)
at org.testng.SuiteRunner.run(SuiteRunner.java:364)
at org.testng.SuiteRunnerWorker.runSuite(SuiteRunnerWorker.java:52)
at org.testng.SuiteRunnerWorker.run(SuiteRunnerWorker.java:84)
at org.testng.TestNG.runSuitesSequentially(TestNG.java:1208)
at org.testng.TestNG.runSuitesLocally(TestNG.java:1137)
at org.testng.TestNG.runSuites(TestNG.java:1049)
at org.testng.TestNG.run(TestNG.java:1017)
at org.testng.remote.AbstractRemoteTestNG.run(AbstractRemoteTestNG.java:115)
at org.testng.remote.RemoteTestNG.initAndRun(RemoteTestNG.java:251)
at org.testng.remote.RemoteTestNG.main(RemoteTestNG.java:77)
]]>
            </full-stacktrace>
          </exception> <!-- org.openqa.selenium.ElementClickInterceptedException -->
          <reporter-output>
          </reporter-output>
        </test-method> <!-- Setup -->
        <test-method status="SKIP" signature="getDBSSTPageTitleTest()[pri:1, instance:com.dbs.qa.testcases.DBSSTrongTogetherPageTest@3c0ecd4b]" name="getDBSSTPageTitleTest" duration-ms="0" started-at="2020-08-02T19:33:33Z" finished-at="2020-08-02T19:33:33Z">
          <exception class="org.openqa.selenium.ElementClickInterceptedException">
            <message>
              <![CDATA[element click intercepted: Element <h4 class="h4-big">...</h4> is not clickable at point (311, 394). Other element would receive the click: <div class=" main-container" id="bodywrapper" style="margin-top: 120px;">...</div>
  (Session info: chrome=84.0.4147.89)
Build info: version: '3.141.59', revision: 'e82be7d358', time: '2018-11-14T08:17:03'
System info: host: 'DESKTOP-6OTCP28', ip: '192.168.1.138', os.name: 'Windows 10', os.arch: 'amd64', os.version: '10.0', java.version: '1.8.0_231'
Driver info: org.openqa.selenium.chrome.ChromeDriver
Capabilities {acceptInsecureCerts: false, browserName: chrome, browserVersion: 84.0.4147.89, chrome: {chromedriverVersion: 83.0.4103.39 (ccbf011cb2d2b..., userDataDir: C:\Users\bttfe\AppData\Loca...}, goog:chromeOptions: {debuggerAddress: localhost:54229}, javascriptEnabled: true, networkConnectionEnabled: false, pageLoadStrategy: normal, platform: WINDOWS, platformName: WINDOWS, proxy: Proxy(), setWindowRect: true, strictFileInteractability: false, timeouts: {implicit: 0, pageLoad: 300000, script: 30000}, unhandledPromptBehavior: dismiss and notify, webauthn:virtualAuthenticators: true}
Session ID: 45d751671533a15551cbaad41b99108f]]>
            </message>
            <full-stacktrace>
              <![CDATA[org.openqa.selenium.ElementClickInterceptedException: element click intercepted: Element <h4 class="h4-big">...</h4> is not clickable at point (311, 394). Other element would receive the click: <div class=" main-container" id="bodywrapper" style="margin-top: 120px;">...</div>
  (Session info: chrome=84.0.4147.89)
Build info: version: '3.141.59', revision: 'e82be7d358', time: '2018-11-14T08:17:03'
System info: host: 'DESKTOP-6OTCP28', ip: '192.168.1.138', os.name: 'Windows 10', os.arch: 'amd64', os.version: '10.0', java.version: '1.8.0_231'
Driver info: org.openqa.selenium.chrome.ChromeDriver
Capabilities {acceptInsecureCerts: false, browserName: chrome, browserVersion: 84.0.4147.89, chrome: {chromedriverVersion: 83.0.4103.39 (ccbf011cb2d2b..., userDataDir: C:\Users\bttfe\AppData\Loca...}, goog:chromeOptions: {debuggerAddress: localhost:54229}, javascriptEnabled: true, networkConnectionEnabled: false, pageLoadStrategy: normal, platform: WINDOWS, platformName: WINDOWS, proxy: Proxy(), setWindowRect: true, strictFileInteractability: false, timeouts: {implicit: 0, pageLoad: 300000, script: 30000}, unhandledPromptBehavior: dismiss and notify, webauthn:virtualAuthenticators: true}
Session ID: 45d751671533a15551cbaad41b99108f
at sun.reflect.NativeConstructorAccessorImpl.newInstance0(Native Method)
at sun.reflect.NativeConstructorAccessorImpl.newInstance(NativeConstructorAccessorImpl.java:62)
at sun.reflect.DelegatingConstructorAccessorImpl.newInstance(DelegatingConstructorAccessorImpl.java:45)
at java.lang.reflect.Constructor.newInstance(Constructor.java:423)
at org.openqa.selenium.remote.http.W3CHttpResponseCodec.createException(W3CHttpResponseCodec.java:187)
at org.openqa.selenium.remote.http.W3CHttpResponseCodec.decode(W3CHttpResponseCodec.java:122)
at org.openqa.selenium.remote.http.W3CHttpResponseCodec.decode(W3CHttpResponseCodec.java:49)
at org.openqa.selenium.remote.HttpCommandExecutor.execute(HttpCommandExecutor.java:158)
at org.openqa.selenium.remote.service.DriverCommandExecutor.execute(DriverCommandExecutor.java:83)
at org.openqa.selenium.remote.RemoteWebDriver.execute(RemoteWebDriver.java:552)
at org.openqa.selenium.remote.RemoteWebElement.execute(RemoteWebElement.java:285)
at org.openqa.selenium.remote.RemoteWebElement.click(RemoteWebElement.java:84)
at sun.reflect.NativeMethodAccessorImpl.invoke0(Native Method)
at sun.reflect.NativeMethodAccessorImpl.invoke(NativeMethodAccessorImpl.java:62)
at sun.reflect.DelegatingMethodAccessorImpl.invoke(DelegatingMethodAccessorImpl.java:43)
at java.lang.reflect.Method.invoke(Method.java:498)
at org.openqa.selenium.support.pagefactory.internal.LocatingElementHandler.invoke(LocatingElementHandler.java:51)
at com.sun.proxy.$Proxy10.click(Unknown Source)
at com.dbs.qa.pages.FirstPage.GoToSustainability(FirstPage.java:49)
at com.dbs.qa.testcases.DBSSTrongTogetherPageTest.Setup(DBSSTrongTogetherPageTest.java:32)
at sun.reflect.NativeMethodAccessorImpl.invoke0(Native Method)
at sun.reflect.NativeMethodAccessorImpl.invoke(NativeMethodAccessorImpl.java:62)
at sun.reflect.DelegatingMethodAccessorImpl.invoke(DelegatingMethodAccessorImpl.java:43)
at java.lang.reflect.Method.invoke(Method.java:498)
at org.testng.internal.MethodInvocationHelper.invokeMethod(MethodInvocationHelper.java:124)
at org.testng.internal.MethodInvocationHelper.invokeMethodConsideringTimeout(MethodInvocationHelper.java:59)
at org.testng.internal.Invoker.invokeConfigurationMethod(Invoker.java:458)
at org.testng.internal.Invoker.invokeConfigurations(Invoker.java:222)
at org.testng.internal.Invoker.invokeMethod(Invoker.java:523)
at org.testng.internal.Invoker.invokeTestMethod(Invoker.java:719)
at org.testng.internal.Invoker.invokeTestMethods(Invoker.java:989)
at org.testng.internal.TestMethodWorker.invokeTestMethods(TestMethodWorker.java:125)
at org.testng.internal.TestMethodWorker.run(TestMethodWorker.java:109)
at org.testng.TestRunner.privateRun(TestRunner.java:648)
at org.testng.TestRunner.run(TestRunner.java:505)
at org.testng.SuiteRunner.runTest(SuiteRunner.java:455)
at org.testng.SuiteRunner.runSequentially(SuiteRunner.java:450)
at org.testng.SuiteRunner.privateRun(SuiteRunner.java:415)
at org.testng.SuiteRunner.run(SuiteRunner.java:364)
at org.testng.SuiteRunnerWorker.runSuite(SuiteRunnerWorker.java:52)
at org.testng.SuiteRunnerWorker.run(SuiteRunnerWorker.java:84)
at org.testng.TestNG.runSuitesSequentially(TestNG.java:1208)
at org.testng.TestNG.runSuitesLocally(TestNG.java:1137)
at org.testng.TestNG.runSuites(TestNG.java:1049)
at org.testng.TestNG.run(TestNG.java:1017)
at org.testng.remote.AbstractRemoteTestNG.run(AbstractRemoteTestNG.java:115)
at org.testng.remote.RemoteTestNG.initAndRun(RemoteTestNG.java:251)
at org.testng.remote.RemoteTestNG.main(RemoteTestNG.java:77)
]]>
            </full-stacktrace>
          </exception> <!-- org.openqa.selenium.ElementClickInterceptedException -->
          <reporter-output>
          </reporter-output>
        </test-method> <!-- getDBSSTPageTitleTest -->
        <test-method status="SKIP" signature="teardown()[pri:0, instance:com.dbs.qa.testcases.DBSSTrongTogetherPageTest@3c0ecd4b]" name="teardown" is-config="true" duration-ms="0" started-at="2020-08-02T19:33:33Z" finished-at="2020-08-02T19:33:33Z">
          <reporter-output>
          </reporter-output>
        </test-method> <!-- teardown -->
        <test-method status="SKIP" signature="selectSingaporeTest()[pri:2, instance:com.dbs.qa.testcases.DBSSTrongTogetherPageTest@3c0ecd4b]" name="selectSingaporeTest" duration-ms="0" started-at="2020-08-02T19:35:35Z" finished-at="2020-08-02T19:35:35Z">
          <exception class="org.openqa.selenium.ElementClickInterceptedException">
            <message>
              <![CDATA[element click intercepted: Element <h4 class="h4-big">...</h4> is not clickable at point (311, 394). Other element would receive the click: <div class=" main-container" id="bodywrapper" style="margin-top: 120px;">...</div>
  (Session info: chrome=84.0.4147.89)
Build info: version: '3.141.59', revision: 'e82be7d358', time: '2018-11-14T08:17:03'
System info: host: 'DESKTOP-6OTCP28', ip: '192.168.1.138', os.name: 'Windows 10', os.arch: 'amd64', os.version: '10.0', java.version: '1.8.0_231'
Driver info: org.openqa.selenium.chrome.ChromeDriver
Capabilities {acceptInsecureCerts: false, browserName: chrome, browserVersion: 84.0.4147.89, chrome: {chromedriverVersion: 83.0.4103.39 (ccbf011cb2d2b..., userDataDir: C:\Users\bttfe\AppData\Loca...}, goog:chromeOptions: {debuggerAddress: localhost:54229}, javascriptEnabled: true, networkConnectionEnabled: false, pageLoadStrategy: normal, platform: WINDOWS, platformName: WINDOWS, proxy: Proxy(), setWindowRect: true, strictFileInteractability: false, timeouts: {implicit: 0, pageLoad: 300000, script: 30000}, unhandledPromptBehavior: dismiss and notify, webauthn:virtualAuthenticators: true}
Session ID: 45d751671533a15551cbaad41b99108f]]>
            </message>
            <full-stacktrace>
              <![CDATA[org.openqa.selenium.ElementClickInterceptedException: element click intercepted: Element <h4 class="h4-big">...</h4> is not clickable at point (311, 394). Other element would receive the click: <div class=" main-container" id="bodywrapper" style="margin-top: 120px;">...</div>
  (Session info: chrome=84.0.4147.89)
Build info: version: '3.141.59', revision: 'e82be7d358', time: '2018-11-14T08:17:03'
System info: host: 'DESKTOP-6OTCP28', ip: '192.168.1.138', os.name: 'Windows 10', os.arch: 'amd64', os.version: '10.0', java.version: '1.8.0_231'
Driver info: org.openqa.selenium.chrome.ChromeDriver
Capabilities {acceptInsecureCerts: false, browserName: chrome, browserVersion: 84.0.4147.89, chrome: {chromedriverVersion: 83.0.4103.39 (ccbf011cb2d2b..., userDataDir: C:\Users\bttfe\AppData\Loca...}, goog:chromeOptions: {debuggerAddress: localhost:54229}, javascriptEnabled: true, networkConnectionEnabled: false, pageLoadStrategy: normal, platform: WINDOWS, platformName: WINDOWS, proxy: Proxy(), setWindowRect: true, strictFileInteractability: false, timeouts: {implicit: 0, pageLoad: 300000, script: 30000}, unhandledPromptBehavior: dismiss and notify, webauthn:virtualAuthenticators: true}
Session ID: 45d751671533a15551cbaad41b99108f
at sun.reflect.NativeConstructorAccessorImpl.newInstance0(Native Method)
at sun.reflect.NativeConstructorAccessorImpl.newInstance(NativeConstructorAccessorImpl.java:62)
at sun.reflect.DelegatingConstructorAccessorImpl.newInstance(DelegatingConstructorAccessorImpl.java:45)
at java.lang.reflect.Constructor.newInstance(Constructor.java:423)
at org.openqa.selenium.remote.http.W3CHttpResponseCodec.createException(W3CHttpResponseCodec.java:187)
at org.openqa.selenium.remote.http.W3CHttpResponseCodec.decode(W3CHttpResponseCodec.java:122)
at org.openqa.selenium.remote.http.W3CHttpResponseCodec.decode(W3CHttpResponseCodec.java:49)
at org.openqa.selenium.remote.HttpCommandExecutor.execute(HttpCommandExecutor.java:158)
at org.openqa.selenium.remote.service.DriverCommandExecutor.execute(DriverCommandExecutor.java:83)
at org.openqa.selenium.remote.RemoteWebDriver.execute(RemoteWebDriver.java:552)
at org.openqa.selenium.remote.RemoteWebElement.execute(RemoteWebElement.java:285)
at org.openqa.selenium.remote.RemoteWebElement.click(RemoteWebElement.java:84)
at sun.reflect.NativeMethodAccessorImpl.invoke0(Native Method)
at sun.reflect.NativeMethodAccessorImpl.invoke(NativeMethodAccessorImpl.java:62)
at sun.reflect.DelegatingMethodAccessorImpl.invoke(DelegatingMethodAccessorImpl.java:43)
at java.lang.reflect.Method.invoke(Method.java:498)
at org.openqa.selenium.support.pagefactory.internal.LocatingElementHandler.invoke(LocatingElementHandler.java:51)
at com.sun.proxy.$Proxy10.click(Unknown Source)
at com.dbs.qa.pages.FirstPage.GoToSustainability(FirstPage.java:49)
at com.dbs.qa.testcases.DBSSTrongTogetherPageTest.Setup(DBSSTrongTogetherPageTest.java:32)
at sun.reflect.NativeMethodAccessorImpl.invoke0(Native Method)
at sun.reflect.NativeMethodAccessorImpl.invoke(NativeMethodAccessorImpl.java:62)
at sun.reflect.DelegatingMethodAccessorImpl.invoke(DelegatingMethodAccessorImpl.java:43)
at java.lang.reflect.Method.invoke(Method.java:498)
at org.testng.internal.MethodInvocationHelper.invokeMethod(MethodInvocationHelper.java:124)
at org.testng.internal.MethodInvocationHelper.invokeMethodConsideringTimeout(MethodInvocationHelper.java:59)
at org.testng.internal.Invoker.invokeConfigurationMethod(Invoker.java:458)
at org.testng.internal.Invoker.invokeConfigurations(Invoker.java:222)
at org.testng.internal.Invoker.invokeMethod(Invoker.java:523)
at org.testng.internal.Invoker.invokeTestMethod(Invoker.java:719)
at org.testng.internal.Invoker.invokeTestMethods(Invoker.java:989)
at org.testng.internal.TestMethodWorker.invokeTestMethods(TestMethodWorker.java:125)
at org.testng.internal.TestMethodWorker.run(TestMethodWorker.java:109)
at org.testng.TestRunner.privateRun(TestRunner.java:648)
at org.testng.TestRunner.run(TestRunner.java:505)
at org.testng.SuiteRunner.runTest(SuiteRunner.java:455)
at org.testng.SuiteRunner.runSequentially(SuiteRunner.java:450)
at org.testng.SuiteRunner.privateRun(SuiteRunner.java:415)
at org.testng.SuiteRunner.run(SuiteRunner.java:364)
at org.testng.SuiteRunnerWorker.runSuite(SuiteRunnerWorker.java:52)
at org.testng.SuiteRunnerWorker.run(SuiteRunnerWorker.java:84)
at org.testng.TestNG.runSuitesSequentially(TestNG.java:1208)
at org.testng.TestNG.runSuitesLocally(TestNG.java:1137)
at org.testng.TestNG.runSuites(TestNG.java:1049)
at org.testng.TestNG.run(TestNG.java:1017)
at org.testng.remote.AbstractRemoteTestNG.run(AbstractRemoteTestNG.java:115)
at org.testng.remote.RemoteTestNG.initAndRun(RemoteTestNG.java:251)
at org.testng.remote.RemoteTestNG.main(RemoteTestNG.java:77)
]]>
            </full-stacktrace>
          </exception> <!-- org.openqa.selenium.ElementClickInterceptedException -->
          <reporter-output>
          </reporter-output>
        </test-method> <!-- selectSingaporeTest -->
        <test-method status="SKIP" signature="Setup()[pri:0, instance:com.dbs.qa.testcases.DBSSTrongTogetherPageTest@3c0ecd4b]" name="Setup" is-config="true" duration-ms="0" started-at="2020-08-02T19:35:35Z" finished-at="2020-08-02T19:35:35Z">
          <reporter-output>
          </reporter-output>
        </test-method> <!-- Setup -->
        <test-method status="SKIP" signature="teardown()[pri:0, instance:com.dbs.qa.testcases.DBSSTrongTogetherPageTest@3c0ecd4b]" name="teardown" is-config="true" duration-ms="0" started-at="2020-08-02T19:35:35Z" finished-at="2020-08-02T19:35:35Z">
          <reporter-output>
          </reporter-output>
        </test-method> <!-- teardown -->
      </class> <!-- com.dbs.qa.testcases.DBSSTrongTogetherPageTest -->
      <class name="com.dbs.qa.testcases.SustainabilityPageTest">
        <test-method status="PASS" signature="Setup()[pri:0, instance:com.dbs.qa.testcases.SustainabilityPageTest@31ef45e3]" name="Setup" is-config="true" duration-ms="10626" started-at="2020-08-02T19:33:00Z" finished-at="2020-08-02T19:33:11Z">
          <reporter-output>
          </reporter-output>
        </test-method> <!-- Setup -->
        <test-method status="PASS" signature="sustainabilityPageTitleTest()[pri:1, instance:com.dbs.qa.testcases.SustainabilityPageTest@31ef45e3]" name="sustainabilityPageTitleTest" duration-ms="389" started-at="2020-08-02T19:33:11Z" finished-at="2020-08-02T19:33:11Z">
          <reporter-output>
          </reporter-output>
        </test-method> <!-- sustainabilityPageTitleTest -->
        <test-method status="PASS" signature="tearDown()[pri:0, instance:com.dbs.qa.testcases.SustainabilityPageTest@31ef45e3]" name="tearDown" is-config="true" duration-ms="787" started-at="2020-08-02T19:33:11Z" finished-at="2020-08-02T19:33:12Z">
          <reporter-output>
          </reporter-output>
        </test-method> <!-- tearDown -->
        <test-method status="PASS" signature="Setup()[pri:0, instance:com.dbs.qa.testcases.SustainabilityPageTest@31ef45e3]" name="Setup" is-config="true" duration-ms="12243" started-at="2020-08-02T19:35:05Z" finished-at="2020-08-02T19:35:17Z">
          <reporter-output>
          </reporter-output>
        </test-method> <!-- Setup -->
        <test-method status="PASS" signature="clickCreatingSocialImpactTest()[pri:2, instance:com.dbs.qa.testcases.SustainabilityPageTest@31ef45e3]" name="clickCreatingSocialImpactTest" duration-ms="853" started-at="2020-08-02T19:35:17Z" finished-at="2020-08-02T19:35:18Z">
          <reporter-output>
          </reporter-output>
        </test-method> <!-- clickCreatingSocialImpactTest -->
        <test-method status="PASS" signature="tearDown()[pri:0, instance:com.dbs.qa.testcases.SustainabilityPageTest@31ef45e3]" name="tearDown" is-config="true" duration-ms="827" started-at="2020-08-02T19:35:18Z" finished-at="2020-08-02T19:35:19Z">
          <reporter-output>
          </reporter-output>
        </test-method> <!-- tearDown -->
      </class> <!-- com.dbs.qa.testcases.SustainabilityPageTest -->
      <class name="com.dbs.qa.testcases.AboutPageTest">
        <test-method status="PASS" signature="Setup()[pri:0, instance:com.dbs.qa.testcases.AboutPageTest@5f341870]" name="Setup" is-config="true" duration-ms="15700" started-at="2020-08-02T19:33:51Z" finished-at="2020-08-02T19:34:07Z">
          <reporter-output>
          </reporter-output>
        </test-method> <!-- Setup -->
        <test-method status="PASS" signature="getAboutPageTitle()[pri:1, instance:com.dbs.qa.testcases.AboutPageTest@5f341870]" name="getAboutPageTitle" duration-ms="46" started-at="2020-08-02T19:34:07Z" finished-at="2020-08-02T19:34:07Z">
          <reporter-output>
          </reporter-output>
        </test-method> <!-- getAboutPageTitle -->
        <test-method status="PASS" signature="teardown()[pri:0, instance:com.dbs.qa.testcases.AboutPageTest@5f341870]" name="teardown" is-config="true" duration-ms="1136" started-at="2020-08-02T19:34:07Z" finished-at="2020-08-02T19:34:08Z">
          <reporter-output>
          </reporter-output>
        </test-method> <!-- teardown -->
        <test-method status="PASS" signature="Setup()[pri:0, instance:com.dbs.qa.testcases.AboutPageTest@5f341870]" name="Setup" is-config="true" duration-ms="19626" started-at="2020-08-02T19:35:57Z" finished-at="2020-08-02T19:36:17Z">
          <reporter-output>
          </reporter-output>
        </test-method> <!-- Setup -->
        <test-method status="PASS" signature="goToWhoWeAre()[pri:2, instance:com.dbs.qa.testcases.AboutPageTest@5f341870]" name="goToWhoWeAre" duration-ms="500" started-at="2020-08-02T19:36:17Z" finished-at="2020-08-02T19:36:17Z">
          <reporter-output>
          </reporter-output>
        </test-method> <!-- goToWhoWeAre -->
        <test-method status="PASS" signature="teardown()[pri:0, instance:com.dbs.qa.testcases.AboutPageTest@5f341870]" name="teardown" is-config="true" duration-ms="917" started-at="2020-08-02T19:36:17Z" finished-at="2020-08-02T19:36:18Z">
          <reporter-output>
          </reporter-output>
        </test-method> <!-- teardown -->
      </class> <!-- com.dbs.qa.testcases.AboutPageTest -->
      <class name="com.dbs.qa.testcases.WhoWeArePageTest">
        <test-method status="PASS" signature="Setup()[pri:0, instance:com.dbs.qa.testcases.WhoWeArePageTest@553f17c]" name="Setup" is-config="true" duration-ms="18845" started-at="2020-08-02T19:34:08Z" finished-at="2020-08-02T19:34:27Z">
          <reporter-output>
          </reporter-output>
        </test-method> <!-- Setup -->
        <test-method status="PASS" signature="getWoWeArePageTitleTest()[pri:1, instance:com.dbs.qa.testcases.WhoWeArePageTest@553f17c]" name="getWoWeArePageTitleTest" duration-ms="48" started-at="2020-08-02T19:34:27Z" finished-at="2020-08-02T19:34:27Z">
          <reporter-output>
          </reporter-output>
        </test-method> <!-- getWoWeArePageTitleTest -->
        <test-method status="PASS" signature="teardown()[pri:0, instance:com.dbs.qa.testcases.WhoWeArePageTest@553f17c]" name="teardown" is-config="true" duration-ms="853" started-at="2020-08-02T19:34:27Z" finished-at="2020-08-02T19:34:28Z">
          <reporter-output>
          </reporter-output>
        </test-method> <!-- teardown -->
        <test-method status="PASS" signature="Setup()[pri:0, instance:com.dbs.qa.testcases.WhoWeArePageTest@553f17c]" name="Setup" is-config="true" duration-ms="19782" started-at="2020-08-02T19:36:18Z" finished-at="2020-08-02T19:36:38Z">
          <reporter-output>
          </reporter-output>
        </test-method> <!-- Setup -->
        <test-method status="PASS" signature="navigateToAwardPageTest()[pri:2, instance:com.dbs.qa.testcases.WhoWeArePageTest@553f17c]" name="navigateToAwardPageTest" duration-ms="2593" started-at="2020-08-02T19:36:38Z" finished-at="2020-08-02T19:36:41Z">
          <reporter-output>
          </reporter-output>
        </test-method> <!-- navigateToAwardPageTest -->
        <test-method status="PASS" signature="teardown()[pri:0, instance:com.dbs.qa.testcases.WhoWeArePageTest@553f17c]" name="teardown" is-config="true" duration-ms="837" started-at="2020-08-02T19:36:41Z" finished-at="2020-08-02T19:36:41Z">
          <reporter-output>
          </reporter-output>
        </test-method> <!-- teardown -->
      </class> <!-- com.dbs.qa.testcases.WhoWeArePageTest -->
    </test> <!-- DBS Assesment Selenium Challenge -->
  </suite> <!-- DBS Assesment - Selenium Challenge -->
</testng-results>
